d:\ssm\project1\project1\debug\vc142.pdb
d:\ssm\project1\project1\debug\vc142.idb
d:\ssm\project1\project1\debug\c20210405_01_scanf.obj
d:\ssm\project1\project1\debug\c20210405_02_if.obj
d:\ssm\project1\project1\debug\c20210405_03_swich.obj
d:\ssm\project1\project1\debug\c20210405_04_while.obj
d:\ssm\project1\project1\debug\c20210406_01_dowhile.obj
d:\ssm\project1\project1\debug\c20210406_02_for.obj
d:\ssm\project1\project1\debug\c20210407_02_array2.obj
d:\ssm\project1\project1\debug\c20210407_03_string.obj
d:\ssm\project1\project1\debug\c20210407_01_array.obj
d:\ssm\project1\project1\debug\c20210408_01_fuction.obj
d:\ssm\project1\project1\debug\c20210408_02_countdown.obj
d:\ssm\project1\project1\debug\c20210408_03_global.obj
d:\ssm\project1\project1\debug\c20210408_04_addsum.obj
d:\ssm\project1\debug\project1.exe
d:\ssm\project1\debug\project1.ilk
d:\ssm\project1\debug\project1.pdb
d:\ssm\project1\project1\debug\project1.tlog\cl.command.1.tlog
d:\ssm\project1\project1\debug\project1.tlog\cl.read.1.tlog
d:\ssm\project1\project1\debug\project1.tlog\cl.write.1.tlog
d:\ssm\project1\project1\debug\project1.tlog\link.command.1.tlog
d:\ssm\project1\project1\debug\project1.tlog\link.read.1.tlog
d:\ssm\project1\project1\debug\project1.tlog\link.write.1.tlog
